Suspicious DLL: D:\FINALYEAR\PROJECT\jawagal\DLL\target\debug\DLL.exe
Reason: Loaded from an unusual directory
Suspicious DLL: C:\WINDOWS\SYSTEM32\ntdll.dll
Reason: Loaded from an unusual directory
Suspicious DLL: C:\WINDOWS\System32\KERNEL32.DLL
Reason: Loaded from an unusual directory
Suspicious DLL: C:\WINDOWS\System32\KERNELBASE.dll
Reason: Loaded from an unusual directory
Suspicious DLL: C:\WINDOWS\System32\PSAPI.DLL
Reason: Loaded from an unusual directory
Suspicious DLL: C:\WINDOWS\System32\ucrtbase.dll
Reason: Loaded from an unusual directory
Suspicious DLL: C:\WINDOWS\SYSTEM32\VCRUNTIME140.dll
Reason: Loaded from an unusual directory
Suspicious DLL: D:\FINALYEAR\PROJECT\jawagal\DLL\target\debug\DLL.exe
Reason: Loaded from an unusual directory
Suspicious DLL: C:\WINDOWS\SYSTEM32\ntdll.dll
Reason: Loaded from an unusual directory
Suspicious DLL: C:\WINDOWS\System32\KERNEL32.DLL
Reason: Loaded from an unusual directory
Suspicious DLL: C:\WINDOWS\System32\KERNELBASE.dll
Reason: Loaded from an unusual directory
Suspicious DLL: C:\WINDOWS\System32\PSAPI.DLL
Reason: Loaded from an unusual directory
Suspicious DLL: C:\WINDOWS\System32\ucrtbase.dll
Reason: Loaded from an unusual directory
Suspicious DLL: C:\WINDOWS\SYSTEM32\VCRUNTIME140.dll
Reason: Loaded from an unusual directory
Suspicious DLL: D:\FINALYEAR\PROJECT\jawagal\DLL\target\debug\DLL.exe
Reason: Loaded from an unusual directory
Suspicious DLL: D:\FINALYEAR\PROJECT\jawagal\DLL\target\debug\DLL.exe
Reason: Loaded from an unusual directory
Suspicious DLL: D:\FINALYEAR\PROJECT\jawagal\DLL\target\debug\DLL.exe
Reason: Loaded from an unusual directory
Suspicious DLL: D:\FINALYEAR\PROJECT\jawagal\DLL\target\debug\DLL.exe
Reason: Loaded from an unusual directory
Suspicious DLL: D:\FINALYEAR\PROJECT\jawagal\DLL\target\debug\DLL.exe
Reason: Loaded from an unusual directory
Suspicious DLL: D:\FINALYEAR\PROJECT\jawagal\DLL\target\debug\DLL.exe
Reason: Loaded from an unusual directory
Suspicious DLL: D:\FINALYEAR\PROJECT\jawagal\DLL\target\debug\DLL.exe
Reason: Loaded from an unusual directory
